Convering 02_Using_Functions.md -> PDF ..node:child_process:957
    throw err;
    ^

Error: Command failed: "/usr/lib/node_modules/mermaid-filter/node_modules/.bin/mmdc"    -w 800 -s 1 -f -i "/tmp/tmp-2113153rzDty4sTAOQb.tmp" -t default -b white -o "/tmp/tmp-2113153rzDty4sTAOQb.tmp.png"

Error: Evaluation failed: Error: Parse error on line 2:
...B[Define Function: "StepLeftDoubleFwd"]
-----------------------^
Expecting 'SQE', 'DOUBLECIRCLEEND', 'PE', '-)', 'STADIUMEND', 'SUBROUTINEEND', 'PIPE', 'CYLINDEREND', 'DIAMOND_STOP', 'TAGEND', 'TRAPEND', 'INVTRAPEND', 'UNICODE_TEXT', 'TEXT', 'TAGSTART', got 'STR'
    at Parser2.parseError (/usr/lib/node_modules/mermaid-filter/node_modules/mermaid/dist/mermaid.js:32307:23)
    at Parser2.parse2 [as parse] (/usr/lib/node_modules/mermaid-filter/node_modules/mermaid/dist/mermaid.js:32372:18)
    at Diagram.parse (/usr/lib/node_modules/mermaid-filter/node_modules/mermaid/dist/mermaid.js:12252:19)
    at new Diagram (/usr/lib/node_modules/mermaid-filter/node_modules/mermaid/dist/mermaid.js:12239:12)
    at getDiagramFromText$1 (/usr/lib/node_modules/mermaid-filter/node_modules/mermaid/dist/mermaid.js:12276:12)
    at async Object.render$4 [as render] (/usr/lib/node_modules/mermaid-filter/node_modules/mermaid/dist/mermaid.js:14632:14)
    at ExecutionContext._ExecutionContext_evaluate (file:///usr/lib/node_modules/mermaid-filter/node_modules/puppeteer-core/lib/esm/puppeteer/common/ExecutionContext.js:254:15)
    at process.processTicksAndRejections (node:internal/process/task_queues:105:5)
    at async ExecutionContext.evaluate (file:///usr/lib/node_modules/mermaid-filter/node_modules/puppeteer-core/lib/esm/puppeteer/common/ExecutionContext.js:143:16)
    at async CDPJSHandle.evaluate (file:///usr/lib/node_modules/mermaid-filter/node_modules/puppeteer-core/lib/esm/puppeteer/common/JSHandle.js:56:16)
    at async CDPElementHandle.$eval (file:///usr/lib/node_modules/mermaid-filter/node_modules/puppeteer-core/lib/esm/puppeteer/common/ElementHandle.js:86:24)
    at async renderMermaid (file:///usr/lib/node_modules/mermaid-filter/node_modules/@mermaid-js/mermaid-cli/src/index.js:256:22)
    at async parseMMD (file:///usr/lib/node_modules/mermaid-filter/node_modules/@mermaid-js/mermaid-cli/src/index.js:227:20)
    at async run (file:///usr/lib/node_modules/mermaid-filter/node_modules/@mermaid-js/mermaid-cli/src/index.js:491:20)
    at async cli (file:///usr/lib/node_modules/mermaid-filter/node_modules/@mermaid-js/mermaid-cli/src/index.js:192:3)


    at genericNodeError (node:internal/errors:983:15)
    at wrappedFn (node:internal/errors:537:14)
    at checkExecSyncError (node:child_process:882:11)
    at execSync (node:child_process:954:15)
    at mermaid (/usr/lib/node_modules/mermaid-filter/index.js:84:5)
    at /usr/lib/node_modules/mermaid-filter/index.js:164:12
    at /usr/lib/node_modules/mermaid-filter/node_modules/pandoc-filter/index.js:52:19
    at Array.forEach (<anonymous>)
    at walk (/usr/lib/node_modules/mermaid-filter/node_modules/pandoc-filter/index.js:50:7)
    at /usr/lib/node_modules/mermaid-filter/node_modules/pandoc-filter/index.js:74:16 {
  status: 1,
  signal: null,
  output: [
    null,
    Buffer(32) [Uint8Array] [
       71, 101, 110, 101, 114,  97, 116,
      105, 110, 103,  32, 115, 105, 110,
      103, 108, 101,  32, 109, 101, 114,
      109,  97, 105, 100,  32,  99, 104,
       97, 114, 116,  10
    ],
    Buffer(2231) [Uint8Array] [
       10,  69, 114, 114, 111, 114,  58,  32,  69, 118,  97, 108,
      117,  97, 116, 105, 111, 110,  32, 102,  97, 105, 108, 101,
      100,  58,  32,  69, 114, 114, 111, 114,  58,  32,  80,  97,
      114, 115, 101,  32, 101, 114, 114, 111, 114,  32, 111, 110,
       32, 108, 105, 110, 101,  32,  50,  58,  10,  46,  46,  46,
       66,  91,  68, 101, 102, 105, 110, 101,  32,  70, 117, 110,
       99, 116, 105, 111, 110,  58,  32,  34,  83, 116, 101, 112,
       76, 101, 102, 116,  68, 111, 117,  98, 108, 101,  70, 119,
      100,  34,  93,  10,
      ... 2131 more items
    ]
  ],
  pid: 2113168,
  stdout: Buffer(32) [Uint8Array] [
     71, 101, 110, 101, 114,  97, 116,
    105, 110, 103,  32, 115, 105, 110,
    103, 108, 101,  32, 109, 101, 114,
    109,  97, 105, 100,  32,  99, 104,
     97, 114, 116,  10
  ],
  stderr: Buffer(2231) [Uint8Array] [
     10,  69, 114, 114, 111, 114,  58,  32,  69, 118,  97, 108,
    117,  97, 116, 105, 111, 110,  32, 102,  97, 105, 108, 101,
    100,  58,  32,  69, 114, 114, 111, 114,  58,  32,  80,  97,
    114, 115, 101,  32, 101, 114, 114, 111, 114,  32, 111, 110,
     32, 108, 105, 110, 101,  32,  50,  58,  10,  46,  46,  46,
     66,  91,  68, 101, 102, 105, 110, 101,  32,  70, 117, 110,
     99, 116, 105, 111, 110,  58,  32,  34,  83, 116, 101, 112,
     76, 101, 102, 116,  68, 111, 117,  98, 108, 101,  70, 119,
    100,  34,  93,  10,
    ... 2131 more items
  ]
}

Node.js v23.8.0
Error running filter mermaid-filter:
Filter returned error status 1
